------------------------------------------------------------------------------------------------------------------------

[2026-02-11 09:50:27 #1 store] 
Database 'C:\Users\Alain\git\2marroia\Flights.odb' is opened by 32508@DESKTOP-3ESUI83

[2026-02-11 09:50:27 #2 type.registry] 
New type domain.Flight

[2026-02-11 09:50:27 #3 type] 
Type domain.Flight is not enhanced.

[2026-02-11 09:50:27 #4 type.registry] 
New type domain.ConcreteFlight

[2026-02-11 09:50:27 #5 type.registry] 
New type java.util.ArrayList<java.lang.Object>

[2026-02-11 09:50:27 #6 type.registry] 
New type java.util.ArrayList<domain.ConcreteFlight>

------------------------------------------------------------------------------------------------------------------------

[2026-02-11 09:50:43 #1 store] 
Database 'C:\Users\Alain\git\2marroia\Flights.odb' has been recovered (tr. 1-5)

[2026-02-11 09:50:43 #2 store] 
Database 'C:\Users\Alain\git\2marroia\Flights.odb' is opened by 36184@DESKTOP-3ESUI83

[2026-02-11 09:50:44 #3 type] 
Type domain.Flight is not enhanced.

------------------------------------------------------------------------------------------------------------------------

[2026-02-11 09:50:59 #1 store] 
Database 'C:\Users\Alain\git\2marroia\Flights.odb' is opened by 2892@DESKTOP-3ESUI83

[2026-02-11 09:50:59 #2 type.registry] 
New type domain.Flight

[2026-02-11 09:50:59 #3 type] 
Type domain.Flight is not enhanced.

[2026-02-11 09:50:59 #4 type.registry] 
New type domain.ConcreteFlight

[2026-02-11 09:50:59 #5 type.registry] 
New type java.util.ArrayList<java.lang.Object>

[2026-02-11 09:50:59 #6 type.registry] 
New type java.util.ArrayList<domain.ConcreteFlight>

------------------------------------------------------------------------------------------------------------------------

[2026-02-11 09:55:12 #1 store] 
Database 'C:\Users\Alain\git\2marroia\Flights.odb' is opened by 29648@DESKTOP-3ESUI83

[2026-02-11 09:55:12 #2 type.registry] 
New type domain.Flight

[2026-02-11 09:55:12 #3 type] 
Type domain.Flight is not enhanced.

[2026-02-11 09:55:12 #4 type.registry] 
New type domain.ConcreteFlight

[2026-02-11 09:55:12 #5 type.registry] 
New type java.util.ArrayList<java.lang.Object>

[2026-02-11 09:55:12 #6 type.registry] 
New type java.util.ArrayList<domain.ConcreteFlight>

------------------------------------------------------------------------------------------------------------------------

[2026-02-11 10:06:14 #1 store] 
Database 'C:\Users\Alain\git\2marroia\Flights.odb' is opened by 7428@DESKTOP-3ESUI83

[2026-02-11 10:06:14 #2 type.registry] 
New type domain.Flight

[2026-02-11 10:06:14 #3 type] 
Type domain.Flight is not enhanced.

[2026-02-11 10:06:14 #4 type.registry] 
New type domain.ConcreteFlight

[2026-02-11 10:06:14 #5 type] 
Type domain.ConcreteFlight is not enhanced.

[2026-02-11 10:06:14 #6 type.registry] 
New type java.util.ArrayList<java.lang.Object>

[2026-02-11 10:06:14 #7 type.registry] 
New type java.util.ArrayList<domain.ConcreteFlight>

------------------------------------------------------------------------------------------------------------------------

[2026-02-11 10:09:48 #1 store] 
Database 'C:\Users\Usuario\git\2marroia\Flights.odb' is opened by 432@DESKTOP-26BOF7M

[2026-02-11 10:09:48 #2 type.registry] 
New type domain.Flight

[2026-02-11 10:09:48 #3 type] 
Type domain.Flight is not enhanced.

[2026-02-11 10:09:48 #4 type.registry] 
New type domain.ConcreteFlight

[2026-02-11 10:09:48 #5 type] 
Type domain.ConcreteFlight is not enhanced.

[2026-02-11 10:09:48 #6 type.registry] 
New type java.util.ArrayList<java.lang.Object>

[2026-02-11 10:09:48 #7 type.registry] 
New type java.util.ArrayList<domain.ConcreteFlight>

------------------------------------------------------------------------------------------------------------------------

[2026-02-11 10:10:23 #1 store] 
Database 'C:\Users\Usuario\git\2marroia\Flights.odb' is opened by 6832@DESKTOP-26BOF7M

[2026-02-11 10:10:23 #2 type] 
Type domain.Flight is not enhanced.

[2026-02-11 10:10:23 #3 type] 
Type domain.ConcreteFlight is not enhanced.

------------------------------------------------------------------------------------------------------------------------

[2026-02-11 12:11:34 #1 store] 
Database 'C:\Users\Usuario\git\2marroia\Flights.odb' is opened by 12300@DESKTOP-26BOF7M

[2026-02-11 12:11:34 #2 type.registry] 
New type domain.Flight

[2026-02-11 12:11:34 #3 type] 
Type domain.Flight is not enhanced.

[2026-02-11 12:11:34 #4 type.registry] 
New type domain.ConcreteFlight

[2026-02-11 12:11:34 #5 type] 
Type domain.ConcreteFlight is not enhanced.

[2026-02-11 12:11:34 #6 type.registry] 
New type java.util.ArrayList<java.lang.Object>

[2026-02-11 12:11:34 #7 type.registry] 
New type java.util.ArrayList<domain.ConcreteFlight>

------------------------------------------------------------------------------------------------------------------------

[2026-02-11 12:15:53 #1 store] 
Database 'C:\Users\Usuario\git\2marroia\Flights.odb' is opened by 22308@DESKTOP-26BOF7M

[2026-02-11 12:15:53 #2 type.registry] 
New type domain.Flight

[2026-02-11 12:15:53 #3 type] 
Type domain.Flight is not enhanced.

[2026-02-11 12:15:53 #4 type.registry] 
New type domain.ConcreteFlight

[2026-02-11 12:15:53 #5 type] 
Type domain.ConcreteFlight is not enhanced.

[2026-02-11 12:15:53 #6 type.registry] 
New type java.util.ArrayList<java.lang.Object>

[2026-02-11 12:15:53 #7 type.registry] 
New type java.util.ArrayList<domain.ConcreteFlight>

------------------------------------------------------------------------------------------------------------------------

[2026-02-11 12:43:01 #1 store] 
Database 'C:\Users\Usuario\git\2marroia\Flights.odb' is opened by 14280@DESKTOP-26BOF7M

[2026-02-11 12:43:01 #2 type] 
Type domain.Flight is not enhanced.

[2026-02-11 12:43:01 #3 type] 
Type domain.ConcreteFlight is not enhanced.

------------------------------------------------------------------------------------------------------------------------

[2026-02-11 12:43:28 #1 store] 
Database 'C:\Users\Usuario\git\2marroia\Flights.odb' is opened by 25028@DESKTOP-26BOF7M

[2026-02-11 12:43:28 #2 type] 
Type domain.Flight is not enhanced.

[2026-02-11 12:43:28 #3 type] 
Type domain.ConcreteFlight is not enhanced.

------------------------------------------------------------------------------------------------------------------------

[2026-02-11 12:44:12 #1 store] 
Database 'C:\Users\Usuario\git\2marroia\Flights.odb' is opened by 18440@DESKTOP-26BOF7M

[2026-02-11 12:44:12 #2 type] 
Type domain.Flight is not enhanced.

[2026-02-11 12:44:12 #3 type] 
Type domain.ConcreteFlight is not enhanced.

------------------------------------------------------------------------------------------------------------------------

[2026-02-11 12:44:30 #1 store] 
Database 'C:\Users\Usuario\git\2marroia\Flights.odb' is opened by 9428@DESKTOP-26BOF7M

[2026-02-11 12:44:31 #2 type] 
Type domain.Flight is not enhanced.

[2026-02-11 12:44:31 #3 type] 
Type domain.ConcreteFlight is not enhanced.

------------------------------------------------------------------------------------------------------------------------

[2026-02-11 12:44:37 #1 store] 
Database 'C:\Users\Usuario\git\2marroia\Flights.odb' is opened by 18164@DESKTOP-26BOF7M

[2026-02-11 12:44:37 #2 type] 
Type domain.Flight is not enhanced.

[2026-02-11 12:44:37 #3 type] 
Type domain.ConcreteFlight is not enhanced.

------------------------------------------------------------------------------------------------------------------------

[2026-02-11 12:45:08 #1 store] 
Database 'C:\Users\Usuario\git\2marroia\Flights.odb' is opened by 19720@DESKTOP-26BOF7M

[2026-02-11 12:45:08 #2 type] 
Type domain.Flight is not enhanced.

[2026-02-11 12:45:08 #3 type] 
Type domain.ConcreteFlight is not enhanced.

------------------------------------------------------------------------------------------------------------------------

[2026-02-11 12:45:40 #1 store] 
Database 'C:\Users\Usuario\git\2marroia\Flights.odb' is opened by 24704@DESKTOP-26BOF7M

[2026-02-11 12:45:40 #2 type] 
Type domain.Flight is not enhanced.

[2026-02-11 12:45:40 #3 type] 
Type domain.ConcreteFlight is not enhanced.

------------------------------------------------------------------------------------------------------------------------

[2026-02-11 16:52:17 #1 store] 
Database 'C:\Users\Alain\git\2marroia\Flights.odb' is opened by 22568@DESKTOP-3ESUI83

[2026-02-11 16:52:17 #2 type.registry] 
New type domain.Flight

[2026-02-11 16:52:17 #3 type] 
Type domain.Flight is not enhanced.

[2026-02-11 16:52:17 #4 type.registry] 
New type domain.ConcreteFlight

[2026-02-11 16:52:17 #5 type] 
Type domain.ConcreteFlight is not enhanced.

[2026-02-11 16:52:17 #6 type.registry] 
New type java.util.ArrayList<java.lang.Object>

[2026-02-11 16:52:17 #7 type.registry] 
New type java.util.ArrayList<domain.ConcreteFlight>

------------------------------------------------------------------------------------------------------------------------

[2026-02-11 16:52:33 #1 store] 
Database 'C:\Users\Alain\git\2marroia\Flights.odb' has been recovered (tr. 1-6)

[2026-02-11 16:52:33 #2 store] 
Database 'C:\Users\Alain\git\2marroia\Flights.odb' is opened by 26188@DESKTOP-3ESUI83

[2026-02-11 16:52:33 #3 type] 
Type domain.Flight is not enhanced.

[2026-02-11 16:52:33 #4 type] 
Type domain.ConcreteFlight is not enhanced.

------------------------------------------------------------------------------------------------------------------------

[2026-02-11 16:53:00 #1 store] 
Database 'C:\Users\Alain\git\2marroia\Flights.odb' is opened by 46388@DESKTOP-3ESUI83

[2026-02-11 16:53:00 #2 type] 
Type domain.Flight is not enhanced.

[2026-02-11 16:53:00 #3 type] 
Type domain.ConcreteFlight is not enhanced.

------------------------------------------------------------------------------------------------------------------------

[2026-02-11 16:56:07 #1 store] 
Database 'C:\Users\Alain\git\2marroia\Flights.odb' is opened by 24864@DESKTOP-3ESUI83

[2026-02-11 16:56:07 #2 type] 
Type domain.Flight is not enhanced.

[2026-02-11 16:56:07 #3 type] 
Type domain.ConcreteFlight is not enhanced.

------------------------------------------------------------------------------------------------------------------------

[2026-02-11 16:57:49 #1 store] 
Database 'C:\Users\Alain\git\2marroia\Flights.odb' is opened by 29212@DESKTOP-3ESUI83

[2026-02-11 16:57:49 #2 type] 
Type domain.Flight is not enhanced.

[2026-02-11 16:57:49 #3 type] 
Type domain.ConcreteFlight is not enhanced.

------------------------------------------------------------------------------------------------------------------------

[2026-02-11 17:10:40 #1 store] 
Database 'C:\Users\Alain\git\2marroia\Flights.odb' is opened by 31064@DESKTOP-3ESUI83

[2026-02-11 17:10:40 #2 type] 
Type domain.Flight is not enhanced.

[2026-02-11 17:10:40 #3 type] 
Type domain.ConcreteFlight is not enhanced.

------------------------------------------------------------------------------------------------------------------------

[2026-02-11 17:11:24 #1 store] 
Database 'C:\Users\Alain\git\2marroia\Flights.odb' is opened by 29448@DESKTOP-3ESUI83

[2026-02-11 17:11:24 #2 type] 
Type domain.Flight is not enhanced.

[2026-02-11 17:11:24 #3 type] 
Type domain.ConcreteFlight is not enhanced.

------------------------------------------------------------------------------------------------------------------------

[2026-02-11 17:11:41 #1 store] 
Database 'C:\Users\Alain\git\2marroia\Flights.odb' is opened by 47152@DESKTOP-3ESUI83

[2026-02-11 17:11:41 #2 type] 
Type domain.Flight is not enhanced.

[2026-02-11 17:11:41 #3 type] 
Type domain.ConcreteFlight is not enhanced.

------------------------------------------------------------------------------------------------------------------------

[2026-02-11 17:12:07 #1 store] 
Database 'C:\Users\Alain\git\2marroia\Flights.odb' has been recovered (tr. 9-10)

[2026-02-11 17:12:08 #2 store] 
Database 'C:\Users\Alain\git\2marroia\Flights.odb' is opened by 10056@DESKTOP-3ESUI83

[2026-02-11 17:12:08 #3 type] 
Type domain.Flight is not enhanced.

[2026-02-11 17:12:08 #4 type] 
Type domain.ConcreteFlight is not enhanced.

------------------------------------------------------------------------------------------------------------------------

[2026-02-11 17:14:06 #1 store] 
Database 'C:\Users\Alain\git\2marroia\Flights.odb' is opened by 36504@DESKTOP-3ESUI83

[2026-02-11 17:14:07 #2 type] 
Type domain.Flight is not enhanced.

[2026-02-11 17:14:07 #3 type] 
Type domain.ConcreteFlight is not enhanced.

